[2022-05-07 15:34:49,327: INFO/MainProcess] Connected to redis://localhost:6379/0
[2022-05-07 15:34:49,341: INFO/MainProcess] mingle: searching for neighbors
[2022-05-07 15:34:50,363: INFO/MainProcess] mingle: all alone
[2022-05-07 15:34:50,393: INFO/MainProcess] celery@Siddharths-MacBook-Pro.local ready.
[2022-05-07 15:34:50,401: INFO/MainProcess] Task create_task[f74678b8-d08c-43ac-9445-7011c50a2ff8] received
[2022-05-07 15:34:54,713: INFO/MainProcess] Task create_task[7ddc8d60-6126-4f36-8744-296450b5fb47] received
[2022-05-07 15:35:00,434: INFO/ForkPoolWorker-5] Task create_task[f74678b8-d08c-43ac-9445-7011c50a2ff8] succeeded in 10.031860291000001s: True
[2022-05-07 15:35:04,738: INFO/ForkPoolWorker-6] Task create_task[7ddc8d60-6126-4f36-8744-296450b5fb47] succeeded in 10.023862958000002s: True
[2022-05-11 20:47:04,147: ERROR/MainProcess] consumer: Cannot connect to redis://localhost:6379/0: Error 61 connecting to localhost:6379. Connection refused..
Trying again in 2.00 seconds... (1/100)

[2022-05-11 20:47:06,163: ERROR/MainProcess] consumer: Cannot connect to redis://localhost:6379/0: Error 61 connecting to localhost:6379. Connection refused..
Trying again in 4.00 seconds... (2/100)

[2022-05-11 20:47:10,188: ERROR/MainProcess] consumer: Cannot connect to redis://localhost:6379/0: Error 61 connecting to localhost:6379. Connection refused..
Trying again in 6.00 seconds... (3/100)

[2022-05-11 20:47:16,221: ERROR/MainProcess] consumer: Cannot connect to redis://localhost:6379/0: Error 61 connecting to localhost:6379. Connection refused..
Trying again in 8.00 seconds... (4/100)

[2022-05-11 20:47:24,257: ERROR/MainProcess] consumer: Cannot connect to redis://localhost:6379/0: Error 61 connecting to localhost:6379. Connection refused..
Trying again in 10.00 seconds... (5/100)

[2022-05-11 20:47:34,308: ERROR/MainProcess] consumer: Cannot connect to redis://localhost:6379/0: Error 61 connecting to localhost:6379. Connection refused..
Trying again in 12.00 seconds... (6/100)

[2022-05-11 20:47:46,356: ERROR/MainProcess] consumer: Cannot connect to redis://localhost:6379/0: Error 61 connecting to localhost:6379. Connection refused..
Trying again in 14.00 seconds... (7/100)

[2022-05-11 20:48:00,426: ERROR/MainProcess] consumer: Cannot connect to redis://localhost:6379/0: Error 61 connecting to localhost:6379. Connection refused..
Trying again in 16.00 seconds... (8/100)

[2022-05-11 20:48:16,502: ERROR/MainProcess] consumer: Cannot connect to redis://localhost:6379/0: Error 61 connecting to localhost:6379. Connection refused..
Trying again in 18.00 seconds... (9/100)

[2022-05-11 20:48:34,584: ERROR/MainProcess] consumer: Cannot connect to redis://localhost:6379/0: Error 61 connecting to localhost:6379. Connection refused..
Trying again in 20.00 seconds... (10/100)

[2022-05-11 20:48:54,679: ERROR/MainProcess] consumer: Cannot connect to redis://localhost:6379/0: Error 61 connecting to localhost:6379. Connection refused..
Trying again in 22.00 seconds... (11/100)

[2022-05-11 20:49:16,777: ERROR/MainProcess] consumer: Cannot connect to redis://localhost:6379/0: Error 61 connecting to localhost:6379. Connection refused..
Trying again in 24.00 seconds... (12/100)

[2022-05-11 20:49:40,901: ERROR/MainProcess] consumer: Cannot connect to redis://localhost:6379/0: Error 61 connecting to localhost:6379. Connection refused..
Trying again in 26.00 seconds... (13/100)

[2022-05-11 20:50:07,021: ERROR/MainProcess] consumer: Cannot connect to redis://localhost:6379/0: Error 61 connecting to localhost:6379. Connection refused..
Trying again in 28.00 seconds... (14/100)

[2022-05-11 20:50:35,165: ERROR/MainProcess] consumer: Cannot connect to redis://localhost:6379/0: Error 61 connecting to localhost:6379. Connection refused..
Trying again in 30.00 seconds... (15/100)

[2022-05-11 20:51:05,300: ERROR/MainProcess] consumer: Cannot connect to redis://localhost:6379/0: Error 61 connecting to localhost:6379. Connection refused..
Trying again in 32.00 seconds... (16/100)

[2022-05-11 20:51:37,482: INFO/MainProcess] Connected to redis://localhost:6379/0
[2022-05-11 20:51:37,512: INFO/MainProcess] mingle: searching for neighbors
[2022-05-11 20:51:38,551: INFO/MainProcess] mingle: all alone
[2022-05-11 20:51:38,596: INFO/MainProcess] celery@Siddharths-MacBook-Pro.local ready.
